2026-05-26T02:50:31Z  IMG_3009
  - moved large -> archive/large/IMG_3009.jpg
  - moved thumb -> archive/thumbnails/IMG_3009.jpg
  - removed from index.html
2026-05-26T02:50:31Z  IMG_3013
  - moved large -> archive/large/IMG_3013.jpg
  - moved thumb -> archive/thumbnails/IMG_3013.jpg
  - removed from index.html
2026-05-26T02:50:31Z  IMG_3023
  - moved large -> archive/large/IMG_3023.jpg
  - moved thumb -> archive/thumbnails/IMG_3023.jpg
  - removed from index.html
2026-05-26T02:50:31Z  IMG_2160
  - moved large -> archive/large/IMG_2160.jpg
  - moved thumb -> archive/thumbnails/IMG_2160.jpg
  - removed from index.html
2026-05-26T02:50:31Z  IMG_2110
  - moved large -> archive/large/IMG_2110.jpg
  - moved thumb -> archive/thumbnails/IMG_2110.jpg
  - removed from index.html
2026-05-26T02:50:31Z  IMG_1589
  - moved large -> archive/large/IMG_1589.jpg
  - moved thumb -> archive/thumbnails/IMG_1589.jpg
  - removed from index.html
2026-05-26T02:50:31Z  IMG_1392
  - moved large -> archive/large/IMG_1392.jpg
  - moved thumb -> archive/thumbnails/IMG_1392.jpg
  - removed from index.html
2026-05-26T02:50:31Z  IMG_0717
  - moved large -> archive/large/IMG_0717.jpg
  - moved thumb -> archive/thumbnails/IMG_0717.jpg
  - removed from index.html
2026-05-26T02:50:31Z  IMG_0901
  - moved large -> archive/large/IMG_0901.jpg
  - moved thumb -> archive/thumbnails/IMG_0901.jpg
  - removed from index.html
2026-05-26T02:53:33Z  20260520_0028
  - moved large -> archive/large/20260520_0028.jpg
  - moved thumb -> archive/thumbnails/20260520_0028.jpg
  - removed from index.html
